Determining if the pthread_create exist failed with the following output:
Change Dir: /home/prudhvi/ros_ws/kraken_msgs/build/CMakeFiles/CMakeTmp

Run Build Command:/usr/bin/make "cmTryCompileExec3764906893/fast"
make[1]: Entering directory `/home/prudhvi/ros_ws/kraken_msgs/build/CMakeFiles/CMakeTmp'
/usr/bin/make -f CMakeFiles/cmTryCompileExec3764906893.dir/build.make CMakeFiles/cmTryCompileExec3764906893.dir/build
make[2]: Entering directory `/home/prudhvi/ros_ws/kraken_msgs/build/CMakeFiles/CMakeTmp'
/usr/bin/cmake -E cmake_progress_report /home/prudhvi/ros_ws/kraken_msgs/build/CMakeFiles/CMakeTmp/CMakeFiles 1
Building C object CMakeFiles/cmTryCompileExec3764906893.dir/CheckSymbolExists.c.o
/usr/bin/gcc    -o CMakeFiles/cmTryCompileExec3764906893.dir/CheckSymbolExists.c.o   -c /home/prudhvi/ros_ws/kraken_msgs/build/CMakeFiles/CMakeTmp/CheckSymbolExists.c
Linking C executable cmTryCompileExec3764906893
/usr/bin/cmake -E cmake_link_script CMakeFiles/cmTryCompileExec3764906893.dir/link.txt --verbose=1
/usr/bin/gcc         CMakeFiles/cmTryCompileExec3764906893.dir/CheckSymbolExists.c.o  -o cmTryCompileExec3764906893 -rdynamic 
CMakeFiles/cmTryCompileExec3764906893.dir/CheckSymbolExists.c.o: In function `main':
CheckSymbolExists.c:(.text+0x16): undefined reference to `pthread_create'
collect2: error: ld returned 1 exit status
make[2]: *** [cmTryCompileExec3764906893] Error 1
make[2]: Leaving directory `/home/prudhvi/ros_ws/kraken_msgs/build/CMakeFiles/CMakeTmp'
make[1]: *** [cmTryCompileExec3764906893/fast] Error 2
make[1]: Leaving directory `/home/prudhvi/ros_ws/kraken_msgs/build/CMakeFiles/CMakeTmp'

File /home/prudhvi/ros_ws/kraken_msgs/build/CMakeFiles/CMakeTmp/CheckSymbolExists.c:
/* */
#include <pthread.h>

int main(int argc, char** argv)
{
  (void)argv;
#ifndef pthread_create
  return ((int*)(&pthread_create))[argc];
#else
  (void)argc;
  return 0;
#endif
}

Determining if the function pthread_create exists in the pthreads failed with the following output:
Change Dir: /home/prudhvi/ros_ws/kraken_msgs/build/CMakeFiles/CMakeTmp

Run Build Command:/usr/bin/make "cmTryCompileExec1736859332/fast"
make[1]: Entering directory `/home/prudhvi/ros_ws/kraken_msgs/build/CMakeFiles/CMakeTmp'
/usr/bin/make -f CMakeFiles/cmTryCompileExec1736859332.dir/build.make CMakeFiles/cmTryCompileExec1736859332.dir/build
make[2]: Entering directory `/home/prudhvi/ros_ws/kraken_msgs/build/CMakeFiles/CMakeTmp'
/usr/bin/cmake -E cmake_progress_report /home/prudhvi/ros_ws/kraken_msgs/build/CMakeFiles/CMakeTmp/CMakeFiles 1
Building C object CMakeFiles/cmTryCompileExec1736859332.dir/CheckFunctionExists.c.o
/usr/bin/gcc   -DCHECK_FUNCTION_EXISTS=pthread_create   -o CMakeFiles/cmTryCompileExec1736859332.dir/CheckFunctionExists.c.o   -c /usr/share/cmake-2.8/Modules/CheckFunctionExists.c
Linking C executable cmTryCompileExec1736859332
/usr/bin/cmake -E cmake_link_script CMakeFiles/cmTryCompileExec1736859332.dir/link.txt --verbose=1
/usr/bin/gcc     -DCHECK_FUNCTION_EXISTS=pthread_create    CMakeFiles/cmTryCompileExec1736859332.dir/CheckFunctionExists.c.o  -o cmTryCompileExec1736859332 -rdynamic -lpthreads 
/usr/bin/ld: cannot find -lpthreads
collect2: error: ld returned 1 exit status
make[2]: *** [cmTryCompileExec1736859332] Error 1
make[2]: Leaving directory `/home/prudhvi/ros_ws/kraken_msgs/build/CMakeFiles/CMakeTmp'
make[1]: *** [cmTryCompileExec1736859332/fast] Error 2
make[1]: Leaving directory `/home/prudhvi/ros_ws/kraken_msgs/build/CMakeFiles/CMakeTmp'


