Determining if the pthread_create exist failed with the following output:
Change Dir: /home/prudhvi/ros_ws/kraken_3.0/simulator_stack/simulator_physics_model/build/CMakeFiles/CMakeTmp

Run Build Command:/usr/bin/make "cmTryCompileExec3916196211/fast"
make[1]: Entering directory `/home/prudhvi/ros_ws/kraken_3.0/simulator_stack/simulator_physics_model/build/CMakeFiles/CMakeTmp'
/usr/bin/make -f CMakeFiles/cmTryCompileExec3916196211.dir/build.make CMakeFiles/cmTryCompileExec3916196211.dir/build
make[2]: Entering directory `/home/prudhvi/ros_ws/kraken_3.0/simulator_stack/simulator_physics_model/build/CMakeFiles/CMakeTmp'
/usr/bin/cmake -E cmake_progress_report /home/prudhvi/ros_ws/kraken_3.0/simulator_stack/simulator_physics_model/build/CMakeFiles/CMakeTmp/CMakeFiles 1
Building C object CMakeFiles/cmTryCompileExec3916196211.dir/CheckSymbolExists.c.o
/usr/bin/gcc    -o CMakeFiles/cmTryCompileExec3916196211.dir/CheckSymbolExists.c.o   -c /home/prudhvi/ros_ws/kraken_3.0/simulator_stack/simulator_physics_model/build/CMakeFiles/CMakeTmp/CheckSymbolExists.c
Linking C executable cmTryCompileExec3916196211
/usr/bin/cmake -E cmake_link_script CMakeFiles/cmTryCompileExec3916196211.dir/link.txt --verbose=1
/usr/bin/gcc         CMakeFiles/cmTryCompileExec3916196211.dir/CheckSymbolExists.c.o  -o cmTryCompileExec3916196211 -rdynamic 
CMakeFiles/cmTryCompileExec3916196211.dir/CheckSymbolExists.c.o: In function `main':
CheckSymbolExists.c:(.text+0x16): undefined reference to `pthread_create'
collect2: error: ld returned 1 exit status
make[2]: *** [cmTryCompileExec3916196211] Error 1
make[2]: Leaving directory `/home/prudhvi/ros_ws/kraken_3.0/simulator_stack/simulator_physics_model/build/CMakeFiles/CMakeTmp'
make[1]: *** [cmTryCompileExec3916196211/fast] Error 2
make[1]: Leaving directory `/home/prudhvi/ros_ws/kraken_3.0/simulator_stack/simulator_physics_model/build/CMakeFiles/CMakeTmp'

File /home/prudhvi/ros_ws/kraken_3.0/simulator_stack/simulator_physics_model/build/CMakeFiles/CMakeTmp/CheckSymbolExists.c:
/* */
#include <pthread.h>

int main(int argc, char** argv)
{
  (void)argv;
#ifndef pthread_create
  return ((int*)(&pthread_create))[argc];
#else
  (void)argc;
  return 0;
#endif
}

Determining if the function pthread_create exists in the pthreads failed with the following output:
Change Dir: /home/prudhvi/ros_ws/kraken_3.0/simulator_stack/simulator_physics_model/build/CMakeFiles/CMakeTmp

Run Build Command:/usr/bin/make "cmTryCompileExec2082294205/fast"
make[1]: Entering directory `/home/prudhvi/ros_ws/kraken_3.0/simulator_stack/simulator_physics_model/build/CMakeFiles/CMakeTmp'
/usr/bin/make -f CMakeFiles/cmTryCompileExec2082294205.dir/build.make CMakeFiles/cmTryCompileExec2082294205.dir/build
make[2]: Entering directory `/home/prudhvi/ros_ws/kraken_3.0/simulator_stack/simulator_physics_model/build/CMakeFiles/CMakeTmp'
/usr/bin/cmake -E cmake_progress_report /home/prudhvi/ros_ws/kraken_3.0/simulator_stack/simulator_physics_model/build/CMakeFiles/CMakeTmp/CMakeFiles 1
Building C object CMakeFiles/cmTryCompileExec2082294205.dir/CheckFunctionExists.c.o
/usr/bin/gcc   -DCHECK_FUNCTION_EXISTS=pthread_create   -o CMakeFiles/cmTryCompileExec2082294205.dir/CheckFunctionExists.c.o   -c /usr/share/cmake-2.8/Modules/CheckFunctionExists.c
Linking C executable cmTryCompileExec2082294205
/usr/bin/cmake -E cmake_link_script CMakeFiles/cmTryCompileExec2082294205.dir/link.txt --verbose=1
/usr/bin/gcc     -DCHECK_FUNCTION_EXISTS=pthread_create    CMakeFiles/cmTryCompileExec2082294205.dir/CheckFunctionExists.c.o  -o cmTryCompileExec2082294205 -rdynamic -lpthreads 
/usr/bin/ld: cannot find -lpthreads
collect2: error: ld returned 1 exit status
make[2]: *** [cmTryCompileExec2082294205] Error 1
make[2]: Leaving directory `/home/prudhvi/ros_ws/kraken_3.0/simulator_stack/simulator_physics_model/build/CMakeFiles/CMakeTmp'
make[1]: *** [cmTryCompileExec2082294205/fast] Error 2
make[1]: Leaving directory `/home/prudhvi/ros_ws/kraken_3.0/simulator_stack/simulator_physics_model/build/CMakeFiles/CMakeTmp'


